<?xml version="1.0" encoding="UTF-8"?>
<testsuite name="hello.HelloWorldTests" tests="2" skipped="0" failures="0" errors="0" timestamp="2018-10-29T23:25:23" hostname="A1" time="0.115">
  <properties/>
  <testcase name="shouldPrintTimeToConsole" classname="hello.HelloWorldTests" time="0.113"/>
  <testcase name="shouldPrintHelloWorldToConsole" classname="hello.HelloWorldTests" time="0.001"/>
  <system-out><![CDATA[]]></system-out>
  <system-err><![CDATA[]]></system-err>
</testsuite>
